<?xml version="1.0" encoding="UTF-8"?>
<testng-results ignored="0" total="1" passed="1" failed="0" skipped="0">
  <reporter-output>
  </reporter-output>
  <suite started-at="2021-05-12T18:03:08Z" name="FREE CRM Application Test Automation Test Suite" finished-at="2021-05-12T18:03:49Z" duration-ms="41309">
    <groups>
    </groups>
    <test started-at="2021-05-12T18:03:08Z" name="Free CRM App Test Cases" finished-at="2021-05-12T18:03:49Z" duration-ms="41309">
      <class name="com.crm.qa.testcases.AddToCartTest">
        <test-method is-config="true" signature="setUp()[pri:0, instance:com.crm.qa.testcases.AddToCartTest@fdefd3f]" started-at="2021-05-12T23:33:08Z" name="setUp" finished-at="2021-05-12T23:33:15Z" duration-ms="7302" status="PASS">
          <reporter-output>
          </reporter-output>
        </test-method> <!-- setUp -->
        <test-method signature="verifyProductAddedTOCart()[pri:1, instance:com.crm.qa.testcases.AddToCartTest@fdefd3f]" started-at="2021-05-12T23:33:15Z" name="verifyProductAddedTOCart" finished-at="2021-05-12T23:33:49Z" duration-ms="33473" status="PASS">
          <reporter-output>
          </reporter-output>
        </test-method> <!-- verifyProductAddedTOCart -->
        <test-method is-config="true" signature="tearDown()[pri:0, instance:com.crm.qa.testcases.AddToCartTest@fdefd3f]" started-at="2021-05-12T23:33:49Z" name="tearDown" finished-at="2021-05-12T23:33:49Z" duration-ms="497" status="PASS">
          <reporter-output>
          </reporter-output>
        </test-method> <!-- tearDown -->
      </class> <!-- com.crm.qa.testcases.AddToCartTest -->
    </test> <!-- Free CRM App Test Cases -->
  </suite> <!-- FREE CRM Application Test Automation Test Suite -->
</testng-results>
